
Read Files: 
	0. 8ZJCq93.jpg
	1. FzCIHZ3.jpg
	2. jessica_jones_by_reverendtundra-d9igrqp.png
	3. product-image-superman-1-featured-image.jpg
	4. superman_minimal_wallpaper_by_postman0-d69u1j5.jpg
	5. wallpaper_1328831091.jpg
Read Files: 
	0. 8ZJCq93.jpg
	1. FzCIHZ3.jpg
	2. jessica_jones_by_reverendtundra-d9igrqp.png
	3. product-image-superman-1-featured-image.jpg
	4. superman_minimal_wallpaper_by_postman0-d69u1j5.jpg
	5. wallpaper_1328831091.jpg
Read Files: 
	0. 8ZJCq93.jpg
	1. FzCIHZ3.jpg
	2. jessica_jones_by_reverendtundra-d9igrqp.png
	3. product-image-superman-1-featured-image.jpg
	4. superman_minimal_wallpaper_by_postman0-d69u1j5.jpg
	5. wallpaper_1328831091.jpg
Read Files: 
	0. 8ZJCq93.jpg
	1. FzCIHZ3.jpg
	2. jessica_jones_by_reverendtundra-d9igrqp.png
	3. product-image-superman-1-featured-image.jpg
	4. superman_minimal_wallpaper_by_postman0-d69u1j5.jpg
	5. wallpaper_1328831091.jpg